CRITICAL - 2024-08-04 06:39:08 --> ErrorException: ini_set(): Session ini settings cannot be changed after headers have already been sent
[Method: GET, Route: /]
in SYSTEMPATH/Session/Handlers/FileHandler.php on line 74.
 1 [internal function]: CodeIgniter\Debug\Exceptions->errorHandler(2, 'ini_set(): Session ini settings cannot be changed after headers have already been sent', '/Users/amalganesh/Documents/SpyderHub/admin.aranea.life/system/Session/Handlers/FileHandler.php', 74)
 2 SYSTEMPATH/Session/Handlers/FileHandler.php(74): ini_set('session.save_path', '/Users/amalganesh/Documents/SpyderHub/admin.aranea.life/writable/session')
 3 SYSTEMPATH/Config/Services.php(697): CodeIgniter\Session\Handlers\FileHandler->__construct(Object(Config\Session), '::1')
 4 SYSTEMPATH/Config/BaseService.php(312): CodeIgniter\Config\Services::session(Object(Config\Session), false)
 5 SYSTEMPATH/Config/BaseService.php(251): CodeIgniter\Config\BaseService::__callStatic('session', [...])
 6 SYSTEMPATH/Config/Services.php(668): CodeIgniter\Config\BaseService::getSharedInstance('session', null)
 7 SYSTEMPATH/Config/BaseService.php(321): CodeIgniter\Config\Services::session()
 8 SYSTEMPATH/Config/BaseService.php(202): CodeIgniter\Config\BaseService::__callStatic('session', [])
 9 SYSTEMPATH/Common.php(996): CodeIgniter\Config\BaseService::get('session')
10 SYSTEMPATH/Common.php(969): service('session')
11 SYSTEMPATH/Common.php(819): session()
12 APPPATH/Views/public/login.php(49): old('username')
13 SYSTEMPATH/View/View.php(234): include('/Users/amalganesh/Documents/SpyderHub/admin.aranea.life/app/Views/public/login.php')
14 SYSTEMPATH/View/View.php(237): CodeIgniter\View\View->CodeIgniter\View\{closure}()
15 SYSTEMPATH/Common.php(1169): CodeIgniter\View\View->render('public/login', [], true)
16 APPPATH/Controllers/Home.php(9): view('public/login')
17 SYSTEMPATH/CodeIgniter.php(933): App\Controllers\Home->index()
18 SYSTEMPATH/CodeIgniter.php(509): CodeIgniter\CodeIgniter->runController(Object(App\Controllers\Home))
19 SYSTEMPATH/CodeIgniter.php(355): CodeIgniter\CodeIgniter->handleRequest(null, Object(Config\Cache), false)
20 SYSTEMPATH/Boot.php(325): CodeIgniter\CodeIgniter->run()
21 SYSTEMPATH/Boot.php(67): CodeIgniter\Boot::runCodeIgniter(Object(CodeIgniter\CodeIgniter))
22 FCPATH/index.php(57): CodeIgniter\Boot::bootWeb(Object(Config\Paths))
23 SYSTEMPATH/rewrite.php(50): require_once('/Users/amalganesh/Documents/SpyderHub/admin.aranea.life/index.php')
CRITICAL - 2024-08-04 06:39:15 --> ErrorException: ini_set(): Session ini settings cannot be changed after headers have already been sent
[Method: GET, Route: /]
in SYSTEMPATH/Session/Handlers/FileHandler.php on line 74.
 1 [internal function]: CodeIgniter\Debug\Exceptions->errorHandler(2, 'ini_set(): Session ini settings cannot be changed after headers have already been sent', '/Users/amalganesh/Documents/SpyderHub/admin.aranea.life/system/Session/Handlers/FileHandler.php', 74)
 2 SYSTEMPATH/Session/Handlers/FileHandler.php(74): ini_set('session.save_path', '/Users/amalganesh/Documents/SpyderHub/admin.aranea.life/writable/session')
 3 SYSTEMPATH/Config/Services.php(697): CodeIgniter\Session\Handlers\FileHandler->__construct(Object(Config\Session), '::1')
 4 SYSTEMPATH/Config/BaseService.php(312): CodeIgniter\Config\Services::session(Object(Config\Session), false)
 5 SYSTEMPATH/Config/BaseService.php(251): CodeIgniter\Config\BaseService::__callStatic('session', [...])
 6 SYSTEMPATH/Config/Services.php(668): CodeIgniter\Config\BaseService::getSharedInstance('session', null)
 7 SYSTEMPATH/Config/BaseService.php(321): CodeIgniter\Config\Services::session()
 8 SYSTEMPATH/Config/BaseService.php(202): CodeIgniter\Config\BaseService::__callStatic('session', [])
 9 SYSTEMPATH/Common.php(996): CodeIgniter\Config\BaseService::get('session')
10 SYSTEMPATH/Common.php(969): service('session')
11 SYSTEMPATH/Common.php(819): session()
12 APPPATH/Views/public/login.php(49): old('username')
13 SYSTEMPATH/View/View.php(234): include('/Users/amalganesh/Documents/SpyderHub/admin.aranea.life/app/Views/public/login.php')
14 SYSTEMPATH/View/View.php(237): CodeIgniter\View\View->CodeIgniter\View\{closure}()
15 SYSTEMPATH/Common.php(1169): CodeIgniter\View\View->render('public/login', [], true)
16 APPPATH/Controllers/Home.php(9): view('public/login')
17 SYSTEMPATH/CodeIgniter.php(933): App\Controllers\Home->index()
18 SYSTEMPATH/CodeIgniter.php(509): CodeIgniter\CodeIgniter->runController(Object(App\Controllers\Home))
19 SYSTEMPATH/CodeIgniter.php(355): CodeIgniter\CodeIgniter->handleRequest(null, Object(Config\Cache), false)
20 SYSTEMPATH/Boot.php(325): CodeIgniter\CodeIgniter->run()
21 SYSTEMPATH/Boot.php(67): CodeIgniter\Boot::runCodeIgniter(Object(CodeIgniter\CodeIgniter))
22 FCPATH/index.php(57): CodeIgniter\Boot::bootWeb(Object(Config\Paths))
23 SYSTEMPATH/rewrite.php(50): require_once('/Users/amalganesh/Documents/SpyderHub/admin.aranea.life/index.php')
CRITICAL - 2024-08-04 06:39:40 --> ErrorException: ini_set(): Session ini settings cannot be changed after headers have already been sent
[Method: GET, Route: /]
in SYSTEMPATH/Session/Handlers/FileHandler.php on line 74.
 1 [internal function]: CodeIgniter\Debug\Exceptions->errorHandler(2, 'ini_set(): Session ini settings cannot be changed after headers have already been sent', '/Users/amalganesh/Documents/SpyderHub/admin.aranea.life/system/Session/Handlers/FileHandler.php', 74)
 2 SYSTEMPATH/Session/Handlers/FileHandler.php(74): ini_set('session.save_path', '/Users/amalganesh/Documents/SpyderHub/admin.aranea.life/writable/session')
 3 SYSTEMPATH/Config/Services.php(697): CodeIgniter\Session\Handlers\FileHandler->__construct(Object(Config\Session), '::1')
 4 SYSTEMPATH/Config/BaseService.php(312): CodeIgniter\Config\Services::session(Object(Config\Session), false)
 5 SYSTEMPATH/Config/BaseService.php(251): CodeIgniter\Config\BaseService::__callStatic('session', [...])
 6 SYSTEMPATH/Config/Services.php(668): CodeIgniter\Config\BaseService::getSharedInstance('session', null)
 7 SYSTEMPATH/Config/BaseService.php(321): CodeIgniter\Config\Services::session()
 8 SYSTEMPATH/Config/BaseService.php(202): CodeIgniter\Config\BaseService::__callStatic('session', [])
 9 SYSTEMPATH/Common.php(996): CodeIgniter\Config\BaseService::get('session')
10 SYSTEMPATH/Common.php(969): service('session')
11 SYSTEMPATH/Common.php(819): session()
12 APPPATH/Views/public/login.php(49): old('username')
13 SYSTEMPATH/View/View.php(234): include('/Users/amalganesh/Documents/SpyderHub/admin.aranea.life/app/Views/public/login.php')
14 SYSTEMPATH/View/View.php(237): CodeIgniter\View\View->CodeIgniter\View\{closure}()
15 SYSTEMPATH/Common.php(1169): CodeIgniter\View\View->render('public/login', [], true)
16 APPPATH/Controllers/Home.php(9): view('public/login')
17 SYSTEMPATH/CodeIgniter.php(933): App\Controllers\Home->index()
18 SYSTEMPATH/CodeIgniter.php(509): CodeIgniter\CodeIgniter->runController(Object(App\Controllers\Home))
19 SYSTEMPATH/CodeIgniter.php(355): CodeIgniter\CodeIgniter->handleRequest(null, Object(Config\Cache), false)
20 SYSTEMPATH/Boot.php(325): CodeIgniter\CodeIgniter->run()
21 SYSTEMPATH/Boot.php(67): CodeIgniter\Boot::runCodeIgniter(Object(CodeIgniter\CodeIgniter))
22 FCPATH/index.php(57): CodeIgniter\Boot::bootWeb(Object(Config\Paths))
23 SYSTEMPATH/rewrite.php(50): require_once('/Users/amalganesh/Documents/SpyderHub/admin.aranea.life/index.php')
INFO - 2024-08-04 06:39:49 --> Session: Class initialized using 'CodeIgniter\Session\Handlers\FileHandler' driver.
CRITICAL - 2024-08-04 06:40:07 --> ErrorException: ini_set(): Session ini settings cannot be changed after headers have already been sent
[Method: GET, Route: /]
in SYSTEMPATH/Session/Handlers/FileHandler.php on line 74.
 1 [internal function]: CodeIgniter\Debug\Exceptions->errorHandler(2, 'ini_set(): Session ini settings cannot be changed after headers have already been sent', '/Users/amalganesh/Documents/SpyderHub/admin.aranea.life/system/Session/Handlers/FileHandler.php', 74)
 2 SYSTEMPATH/Session/Handlers/FileHandler.php(74): ini_set('session.save_path', '/Users/amalganesh/Documents/SpyderHub/admin.aranea.life/writable/session')
 3 SYSTEMPATH/Config/Services.php(697): CodeIgniter\Session\Handlers\FileHandler->__construct(Object(Config\Session), '::1')
 4 SYSTEMPATH/Config/BaseService.php(312): CodeIgniter\Config\Services::session(Object(Config\Session), false)
 5 SYSTEMPATH/Config/BaseService.php(251): CodeIgniter\Config\BaseService::__callStatic('session', [...])
 6 SYSTEMPATH/Config/Services.php(668): CodeIgniter\Config\BaseService::getSharedInstance('session', null)
 7 SYSTEMPATH/Config/BaseService.php(321): CodeIgniter\Config\Services::session()
 8 SYSTEMPATH/Config/BaseService.php(202): CodeIgniter\Config\BaseService::__callStatic('session', [])
 9 SYSTEMPATH/Common.php(996): CodeIgniter\Config\BaseService::get('session')
10 SYSTEMPATH/Common.php(969): service('session')
11 SYSTEMPATH/Common.php(819): session()
12 APPPATH/Views/public/login.php(49): old('username')
13 SYSTEMPATH/View/View.php(234): include('/Users/amalganesh/Documents/SpyderHub/admin.aranea.life/app/Views/public/login.php')
14 SYSTEMPATH/View/View.php(237): CodeIgniter\View\View->CodeIgniter\View\{closure}()
15 SYSTEMPATH/Common.php(1169): CodeIgniter\View\View->render('public/login', [], true)
16 APPPATH/Controllers/Home.php(9): view('public/login')
17 SYSTEMPATH/CodeIgniter.php(933): App\Controllers\Home->index()
18 SYSTEMPATH/CodeIgniter.php(509): CodeIgniter\CodeIgniter->runController(Object(App\Controllers\Home))
19 SYSTEMPATH/CodeIgniter.php(355): CodeIgniter\CodeIgniter->handleRequest(null, Object(Config\Cache), false)
20 SYSTEMPATH/Boot.php(325): CodeIgniter\CodeIgniter->run()
21 SYSTEMPATH/Boot.php(67): CodeIgniter\Boot::runCodeIgniter(Object(CodeIgniter\CodeIgniter))
22 FCPATH/index.php(57): CodeIgniter\Boot::bootWeb(Object(Config\Paths))
23 SYSTEMPATH/rewrite.php(50): require_once('/Users/amalganesh/Documents/SpyderHub/admin.aranea.life/index.php')
CRITICAL - 2024-08-04 06:41:32 --> ErrorException: ini_set(): Session ini settings cannot be changed after headers have already been sent
[Method: GET, Route: /]
in SYSTEMPATH/Session/Handlers/FileHandler.php on line 74.
 1 [internal function]: CodeIgniter\Debug\Exceptions->errorHandler(2, 'ini_set(): Session ini settings cannot be changed after headers have already been sent', '/Users/amalganesh/Documents/SpyderHub/admin.aranea.life/system/Session/Handlers/FileHandler.php', 74)
 2 SYSTEMPATH/Session/Handlers/FileHandler.php(74): ini_set('session.save_path', '/Users/amalganesh/Documents/SpyderHub/admin.aranea.life/writable/session')
 3 SYSTEMPATH/Config/Services.php(697): CodeIgniter\Session\Handlers\FileHandler->__construct(Object(Config\Session), '::1')
 4 SYSTEMPATH/Config/BaseService.php(312): CodeIgniter\Config\Services::session(Object(Config\Session), false)
 5 SYSTEMPATH/Config/BaseService.php(251): CodeIgniter\Config\BaseService::__callStatic('session', [...])
 6 SYSTEMPATH/Config/Services.php(668): CodeIgniter\Config\BaseService::getSharedInstance('session', null)
 7 SYSTEMPATH/Config/BaseService.php(321): CodeIgniter\Config\Services::session()
 8 SYSTEMPATH/Config/BaseService.php(202): CodeIgniter\Config\BaseService::__callStatic('session', [])
 9 SYSTEMPATH/Common.php(996): CodeIgniter\Config\BaseService::get('session')
10 SYSTEMPATH/Common.php(969): service('session')
11 SYSTEMPATH/Common.php(819): session()
12 APPPATH/Views/public/login.php(49): old('username')
13 SYSTEMPATH/View/View.php(234): include('/Users/amalganesh/Documents/SpyderHub/admin.aranea.life/app/Views/public/login.php')
14 SYSTEMPATH/View/View.php(237): CodeIgniter\View\View->CodeIgniter\View\{closure}()
15 SYSTEMPATH/Common.php(1169): CodeIgniter\View\View->render('public/login', [], true)
16 APPPATH/Controllers/Home.php(9): view('public/login')
17 SYSTEMPATH/CodeIgniter.php(933): App\Controllers\Home->index()
18 SYSTEMPATH/CodeIgniter.php(509): CodeIgniter\CodeIgniter->runController(Object(App\Controllers\Home))
19 SYSTEMPATH/CodeIgniter.php(355): CodeIgniter\CodeIgniter->handleRequest(null, Object(Config\Cache), false)
20 SYSTEMPATH/Boot.php(325): CodeIgniter\CodeIgniter->run()
21 SYSTEMPATH/Boot.php(67): CodeIgniter\Boot::runCodeIgniter(Object(CodeIgniter\CodeIgniter))
22 FCPATH/index.php(57): CodeIgniter\Boot::bootWeb(Object(Config\Paths))
23 SYSTEMPATH/rewrite.php(50): require_once('/Users/amalganesh/Documents/SpyderHub/admin.aranea.life/index.php')
CRITICAL - 2024-08-04 06:41:34 --> ErrorException: ini_set(): Session ini settings cannot be changed after headers have already been sent
[Method: GET, Route: /]
in SYSTEMPATH/Session/Handlers/FileHandler.php on line 74.
 1 [internal function]: CodeIgniter\Debug\Exceptions->errorHandler(2, 'ini_set(): Session ini settings cannot be changed after headers have already been sent', '/Users/amalganesh/Documents/SpyderHub/admin.aranea.life/system/Session/Handlers/FileHandler.php', 74)
 2 SYSTEMPATH/Session/Handlers/FileHandler.php(74): ini_set('session.save_path', '/Users/amalganesh/Documents/SpyderHub/admin.aranea.life/writable/session')
 3 SYSTEMPATH/Config/Services.php(697): CodeIgniter\Session\Handlers\FileHandler->__construct(Object(Config\Session), '::1')
 4 SYSTEMPATH/Config/BaseService.php(312): CodeIgniter\Config\Services::session(Object(Config\Session), false)
 5 SYSTEMPATH/Config/BaseService.php(251): CodeIgniter\Config\BaseService::__callStatic('session', [...])
 6 SYSTEMPATH/Config/Services.php(668): CodeIgniter\Config\BaseService::getSharedInstance('session', null)
 7 SYSTEMPATH/Config/BaseService.php(321): CodeIgniter\Config\Services::session()
 8 SYSTEMPATH/Config/BaseService.php(202): CodeIgniter\Config\BaseService::__callStatic('session', [])
 9 SYSTEMPATH/Common.php(996): CodeIgniter\Config\BaseService::get('session')
10 SYSTEMPATH/Common.php(969): service('session')
11 SYSTEMPATH/Common.php(819): session()
12 APPPATH/Views/public/login.php(49): old('username')
13 SYSTEMPATH/View/View.php(234): include('/Users/amalganesh/Documents/SpyderHub/admin.aranea.life/app/Views/public/login.php')
14 SYSTEMPATH/View/View.php(237): CodeIgniter\View\View->CodeIgniter\View\{closure}()
15 SYSTEMPATH/Common.php(1169): CodeIgniter\View\View->render('public/login', [], true)
16 APPPATH/Controllers/Home.php(9): view('public/login')
17 SYSTEMPATH/CodeIgniter.php(933): App\Controllers\Home->index()
18 SYSTEMPATH/CodeIgniter.php(509): CodeIgniter\CodeIgniter->runController(Object(App\Controllers\Home))
19 SYSTEMPATH/CodeIgniter.php(355): CodeIgniter\CodeIgniter->handleRequest(null, Object(Config\Cache), false)
20 SYSTEMPATH/Boot.php(325): CodeIgniter\CodeIgniter->run()
21 SYSTEMPATH/Boot.php(67): CodeIgniter\Boot::runCodeIgniter(Object(CodeIgniter\CodeIgniter))
22 FCPATH/index.php(57): CodeIgniter\Boot::bootWeb(Object(Config\Paths))
23 SYSTEMPATH/rewrite.php(50): require_once('/Users/amalganesh/Documents/SpyderHub/admin.aranea.life/index.php')
INFO - 2024-08-04 06:42:31 --> Session: Class initialized using 'CodeIgniter\Session\Handlers\FileHandler' driver.
INFO - 2024-08-04 06:42:35 --> Session: Class initialized using 'CodeIgniter\Session\Handlers\FileHandler' driver.
INFO - 2024-08-04 06:42:36 --> Session: Class initialized using 'CodeIgniter\Session\Handlers\FileHandler' driver.
INFO - 2024-08-04 06:42:38 --> Session: Class initialized using 'CodeIgniter\Session\Handlers\FileHandler' driver.
INFO - 2024-08-04 06:42:59 --> Session: Class initialized using 'CodeIgniter\Session\Handlers\FileHandler' driver.
INFO - 2024-08-04 06:43:01 --> Session: Class initialized using 'CodeIgniter\Session\Handlers\FileHandler' driver.
INFO - 2024-08-04 06:43:09 --> Session: Class initialized using 'CodeIgniter\Session\Handlers\FileHandler' driver.
INFO - 2024-08-04 06:43:15 --> Session: Class initialized using 'CodeIgniter\Session\Handlers\FileHandler' driver.
INFO - 2024-08-04 06:43:20 --> Session: Class initialized using 'CodeIgniter\Session\Handlers\FileHandler' driver.
INFO - 2024-08-04 06:43:22 --> Session: Class initialized using 'CodeIgniter\Session\Handlers\FileHandler' driver.
INFO - 2024-08-04 06:43:24 --> Session: Class initialized using 'CodeIgniter\Session\Handlers\FileHandler' driver.
INFO - 2024-08-04 06:43:27 --> Session: Class initialized using 'CodeIgniter\Session\Handlers\FileHandler' driver.
INFO - 2024-08-04 06:43:57 --> Session: Class initialized using 'CodeIgniter\Session\Handlers\FileHandler' driver.
INFO - 2024-08-04 06:43:58 --> Session: Class initialized using 'CodeIgniter\Session\Handlers\FileHandler' driver.
INFO - 2024-08-04 06:44:09 --> Session: Class initialized using 'CodeIgniter\Session\Handlers\FileHandler' driver.
INFO - 2024-08-04 06:45:53 --> Session: Class initialized using 'CodeIgniter\Session\Handlers\FileHandler' driver.
INFO - 2024-08-04 06:50:07 --> Session: Class initialized using 'CodeIgniter\Session\Handlers\FileHandler' driver.
INFO - 2024-08-04 06:50:12 --> Session: Class initialized using 'CodeIgniter\Session\Handlers\FileHandler' driver.
INFO - 2024-08-04 06:50:13 --> Session: Class initialized using 'CodeIgniter\Session\Handlers\FileHandler' driver.
INFO - 2024-08-04 06:50:20 --> Session: Class initialized using 'CodeIgniter\Session\Handlers\FileHandler' driver.
INFO - 2024-08-04 06:50:33 --> Session: Class initialized using 'CodeIgniter\Session\Handlers\FileHandler' driver.
INFO - 2024-08-04 06:50:34 --> Session: Class initialized using 'CodeIgniter\Session\Handlers\FileHandler' driver.
INFO - 2024-08-04 06:50:40 --> Session: Class initialized using 'CodeIgniter\Session\Handlers\FileHandler' driver.
INFO - 2024-08-04 06:51:56 --> Session: Class initialized using 'CodeIgniter\Session\Handlers\FileHandler' driver.
INFO - 2024-08-04 06:58:53 --> Session: Class initialized using 'CodeIgniter\Session\Handlers\FileHandler' driver.
INFO - 2024-08-04 06:58:55 --> Session: Class initialized using 'CodeIgniter\Session\Handlers\FileHandler' driver.
INFO - 2024-08-04 06:58:58 --> Session: Class initialized using 'CodeIgniter\Session\Handlers\FileHandler' driver.
INFO - 2024-08-04 06:58:59 --> Session: Class initialized using 'CodeIgniter\Session\Handlers\FileHandler' driver.
INFO - 2024-08-04 06:59:01 --> Session: Class initialized using 'CodeIgniter\Session\Handlers\FileHandler' driver.
INFO - 2024-08-04 07:03:27 --> Session: Class initialized using 'CodeIgniter\Session\Handlers\FileHandler' driver.
INFO - 2024-08-04 07:03:31 --> Session: Class initialized using 'CodeIgniter\Session\Handlers\FileHandler' driver.
INFO - 2024-08-04 07:03:32 --> Session: Class initialized using 'CodeIgniter\Session\Handlers\FileHandler' driver.
INFO - 2024-08-04 07:03:34 --> Session: Class initialized using 'CodeIgniter\Session\Handlers\FileHandler' driver.
INFO - 2024-08-04 07:05:28 --> Session: Class initialized using 'CodeIgniter\Session\Handlers\FileHandler' driver.
INFO - 2024-08-04 07:05:36 --> Session: Class initialized using 'CodeIgniter\Session\Handlers\FileHandler' driver.
INFO - 2024-08-04 07:05:38 --> Session: Class initialized using 'CodeIgniter\Session\Handlers\FileHandler' driver.
